# JRE version: OpenJDK Runtime Environment Temurin-21.0.10+7 (21.0.10+7) (build 21.0.10+7-LTS)
# Java VM: OpenJDK 64-Bit Server VM Temurin-21.0.10+7 (21.0.10+7-LTS, mixed mode, sharing, tiered, compressed oops, compressed class ptrs, parallel gc, windows-amd64)
GC Precious Log:
 CardTable entry size: 512
 CPUs: 12 total, 12 available
 Memory: 7896M
 Large Page Support: Disabled
 NUMA Support: Disabled
 Compressed Oops: Enabled (32-bit)
 Alignments: Space 512K, Generation 512K, Heap 2M
 Heap Min Capacity: 100M
 Heap Initial Capacity: 100M
 Heap Max Capacity: 2G
 Pre-touch: Disabled
 Parallel Workers: 10
Heap:
 PSYoungGen      total 10752K, used 1794K [0x00000000d5580000, 0x00000000d6200000, 0x0000000100000000)
  eden space 10240K, 14% used [0x00000000d5580000,0x00000000d56f88b0,0x00000000d5f80000)
  from space 512K, 56% used [0x00000000d6180000,0x00000000d61c8000,0x00000000d6200000)
  to   space 512K, 0% used [0x00000000d6080000,0x00000000d6080000,0x00000000d6100000)
 ParOldGen       total 121856K, used 121689K [0x0000000080000000, 0x0000000087700000, 0x00000000d5580000)
  object space 121856K, 99% used [0x0000000080000000,0x00000000876d6618,0x0000000087700000)
 Metaspace       used 74738K, committed 76416K, reserved 1179648K
  class space    used 8368K, committed 9152K, reserved 1048576K
GC Heap History (20 events):
Event: 365.551 GC heap before
{Heap before GC invocations=76 (full 3):
 PSYoungGen      total 13824K, used 13815K [0x00000000d5580000, 0x00000000d7280000, 0x0000000100000000)
  eden space 10240K, 100% used [0x00000000d5580000,0x00000000d5f80000,0x00000000d5f80000)
  from space 3584K, 99% used [0x00000000d6780000,0x00000000d6afde28,0x00000000d6b00000)
  to   space 8192K, 0% used [0x00000000d5f80000,0x00000000d5f80000,0x00000000d6780000)
 ParOldGen       total 110592K, used 110292K [0x0000000080000000, 0x0000000086c00000, 0x00000000d5580000)
  object space 110592K, 99% used [0x0000000080000000,0x0000000086bb51e0,0x0000000086c00000)
 Metaspace       used 74070K, committed 75712K, reserved 1179648K
  class space    used 8341K, committed 9088K, reserved 1048576K
}
Event: 365.559 GC heap after
{Heap after GC invocations=76 (full 3):
 PSYoungGen      total 13312K, used 2630K [0x00000000d5580000, 0x00000000d6880000, 0x0000000100000000)
  eden space 10240K, 0% used [0x00000000d5580000,0x00000000d5580000,0x00000000d5f80000)
  from space 3072K, 85% used [0x00000000d5f80000,0x00000000d6211a98,0x00000000d6280000)
  to   space 4608K, 0% used [0x00000000d6400000,0x00000000d6400000,0x00000000d6880000)
 ParOldGen       total 113664K, used 113647K [0x0000000080000000, 0x0000000086f00000, 0x00000000d5580000)
  object space 113664K, 99% used [0x0000000080000000,0x0000000086efbe08,0x0000000086f00000)
 Metaspace       used 74070K, committed 75712K, reserved 1179648K
  class space    used 8341K, committed 9088K, reserved 1048576K
}
Event: 365.878 GC heap before
{Heap before GC invocations=77 (full 3):
 PSYoungGen      total 13312K, used 12870K [0x00000000d5580000, 0x00000000d6880000, 0x0000000100000000)
  eden space 10240K, 100% used [0x00000000d5580000,0x00000000d5f80000,0x00000000d5f80000)
  from space 3072K, 85% used [0x00000000d5f80000,0x00000000d6211a98,0x00000000d6280000)
  to   space 4608K, 0% used [0x00000000d6400000,0x00000000d6400000,0x00000000d6880000)
 ParOldGen       total 113664K, used 113647K [0x0000000080000000, 0x0000000086f00000, 0x00000000d5580000)
  object space 113664K, 99% used [0x0000000080000000,0x0000000086efbe08,0x0000000086f00000)
 Metaspace       used 74192K, committed 75840K, reserved 1179648K
  class space    used 8350K, committed 9088K, reserved 1048576K
}
Event: 365.886 GC heap after
{Heap after GC invocations=77 (full 3):
 PSYoungGen      total 13312K, used 3066K [0x00000000d5580000, 0x00000000d6700000, 0x0000000100000000)
  eden space 10240K, 0% used [0x00000000d5580000,0x00000000d5580000,0x00000000d5f80000)
  from space 3072K, 99% used [0x00000000d6400000,0x00000000d66febe0,0x00000000d6700000)
  to   space 3584K, 0% used [0x00000000d6000000,0x00000000d6000000,0x00000000d6380000)
 ParOldGen       total 116224K, used 116187K [0x0000000080000000, 0x0000000087180000, 0x00000000d5580000)
  object space 116224K, 99% used [0x0000000080000000,0x0000000087176cc0,0x0000000087180000)
 Metaspace       used 74192K, committed 75840K, reserved 1179648K
  class space    used 8350K, committed 9088K, reserved 1048576K
}
Event: 366.272 GC heap before
{Heap before GC invocations=78 (full 3):
 PSYoungGen      total 13312K, used 13280K [0x00000000d5580000, 0x00000000d6700000, 0x0000000100000000)
  eden space 10240K, 99% used [0x00000000d5580000,0x00000000d5f796e0,0x00000000d5f80000)
  from space 3072K, 99% used [0x00000000d6400000,0x00000000d66febe0,0x00000000d6700000)
  to   space 3584K, 0% used [0x00000000d6000000,0x00000000d6000000,0x00000000d6380000)
 ParOldGen       total 116224K, used 116187K [0x0000000080000000, 0x0000000087180000, 0x00000000d5580000)
  object space 116224K, 99% used [0x0000000080000000,0x0000000087176cc0,0x0000000087180000)
 Metaspace       used 74265K, committed 75904K, reserved 1179648K
  class space    used 8352K, committed 9088K, reserved 1048576K
}
Event: 366.277 GC heap after
{Heap after GC invocations=78 (full 3):
 PSYoungGen      total 12288K, used 1713K [0x00000000d5580000, 0x00000000d6480000, 0x0000000100000000)
  eden space 10240K, 0% used [0x00000000d5580000,0x00000000d5580000,0x00000000d5f80000)
  from space 2048K, 83% used [0x00000000d6000000,0x00000000d61ac778,0x00000000d6200000)
  to   space 2560K, 0% used [0x00000000d6200000,0x00000000d6200000,0x00000000d6480000)
 ParOldGen       total 119296K, used 118933K [0x0000000080000000, 0x0000000087480000, 0x00000000d5580000)
  object space 119296K, 99% used [0x0000000080000000,0x00000000874257a0,0x0000000087480000)
 Metaspace       used 74265K, committed 75904K, reserved 1179648K
  class space    used 8352K, committed 9088K, reserved 1048576K
}
Event: 420.680 GC heap before
{Heap before GC invocations=79 (full 3):
 PSYoungGen      total 12288K, used 11953K [0x00000000d5580000, 0x00000000d6480000, 0x0000000100000000)
  eden space 10240K, 99% used [0x00000000d5580000,0x00000000d5f7fff0,0x00000000d5f80000)
  from space 2048K, 83% used [0x00000000d6000000,0x00000000d61ac778,0x00000000d6200000)
  to   space 2560K, 0% used [0x00000000d6200000,0x00000000d6200000,0x00000000d6480000)
 ParOldGen       total 119296K, used 118933K [0x0000000080000000, 0x0000000087480000, 0x00000000d5580000)
  object space 119296K, 99% used [0x0000000080000000,0x00000000874257a0,0x0000000087480000)
 Metaspace       used 74479K, committed 76096K, reserved 1179648K
  class space    used 8366K, committed 9088K, reserved 1048576K
}
Event: 420.730 GC heap after
{Heap after GC invocations=79 (full 3):
 PSYoungGen      total 11776K, used 1236K [0x00000000d5580000, 0x00000000d6380000, 0x0000000100000000)
  eden space 10240K, 0% used [0x00000000d5580000,0x00000000d5580000,0x00000000d5f80000)
  from space 1536K, 80% used [0x00000000d6200000,0x00000000d63353c8,0x00000000d6380000)
  to   space 1536K, 0% used [0x00000000d6080000,0x00000000d6080000,0x00000000d6200000)
 ParOldGen       total 120320K, used 120285K [0x0000000080000000, 0x0000000087580000, 0x00000000d5580000)
  object space 120320K, 99% used [0x0000000080000000,0x0000000087577550,0x0000000087580000)
 Metaspace       used 74479K, committed 76096K, reserved 1179648K
  class space    used 8366K, committed 9088K, reserved 1048576K
}
Event: 603.245 GC heap before
{Heap before GC invocations=80 (full 3):
 PSYoungGen      total 11776K, used 11476K [0x00000000d5580000, 0x00000000d6380000, 0x0000000100000000)
  eden space 10240K, 100% used [0x00000000d5580000,0x00000000d5f80000,0x00000000d5f80000)
  from space 1536K, 80% used [0x00000000d6200000,0x00000000d63353c8,0x00000000d6380000)
  to   space 1536K, 0% used [0x00000000d6080000,0x00000000d6080000,0x00000000d6200000)
 ParOldGen       total 120320K, used 120285K [0x0000000080000000, 0x0000000087580000, 0x00000000d5580000)
  object space 120320K, 99% used [0x0000000080000000,0x0000000087577550,0x0000000087580000)
 Metaspace       used 74503K, committed 76160K, reserved 1179648K
  class space    used 8366K, committed 9088K, reserved 1048576K
}
Event: 603.278 GC heap after
{Heap after GC invocations=80 (full 3):
 PSYoungGen      total 10752K, used 320K [0x00000000d5580000, 0x00000000d6280000, 0x0000000100000000)
  eden space 10240K, 0% used [0x00000000d5580000,0x00000000d5580000,0x00000000d5f80000)
  from space 512K, 62% used [0x00000000d6080000,0x00000000d60d0000,0x00000000d6100000)
  to   space 1024K, 0% used [0x00000000d6180000,0x00000000d6180000,0x00000000d6280000)
 ParOldGen       total 121344K, used 121297K [0x0000000080000000, 0x0000000087680000, 0x00000000d5580000)
  object space 121344K, 99% used [0x0000000080000000,0x0000000087674618,0x0000000087680000)
 Metaspace       used 74503K, committed 76160K, reserved 1179648K
  class space    used 8366K, committed 9088K, reserved 1048576K
}
Event: 740.530 GC heap before
{Heap before GC invocations=81 (full 3):
 PSYoungGen      total 10752K, used 10560K [0x00000000d5580000, 0x00000000d6280000, 0x0000000100000000)
  eden space 10240K, 100% used [0x00000000d5580000,0x00000000d5f80000,0x00000000d5f80000)
  from space 512K, 62% used [0x00000000d6080000,0x00000000d60d0000,0x00000000d6100000)
  to   space 1024K, 0% used [0x00000000d6180000,0x00000000d6180000,0x00000000d6280000)
 ParOldGen       total 121344K, used 121297K [0x0000000080000000, 0x0000000087680000, 0x00000000d5580000)
  object space 121344K, 99% used [0x0000000080000000,0x0000000087674618,0x0000000087680000)
 Metaspace       used 74560K, committed 76160K, reserved 1179648K
  class space    used 8367K, committed 9088K, reserved 1048576K
}
Event: 740.590 GC heap after
{Heap after GC invocations=81 (full 3):
 PSYoungGen      total 10752K, used 320K [0x00000000d5580000, 0x00000000d6200000, 0x0000000100000000)
  eden space 10240K, 0% used [0x00000000d5580000,0x00000000d5580000,0x00000000d5f80000)
  from space 512K, 62% used [0x00000000d6180000,0x00000000d61d0000,0x00000000d6200000)
  to   space 512K, 0% used [0x00000000d6080000,0x00000000d6080000,0x00000000d6100000)
 ParOldGen       total 121856K, used 121361K [0x0000000080000000, 0x0000000087700000, 0x00000000d5580000)
  object space 121856K, 99% used [0x0000000080000000,0x0000000087684618,0x0000000087700000)
 Metaspace       used 74560K, committed 76160K, reserved 1179648K
  class space    used 8367K, committed 9088K, reserved 1048576K
}
Event: 906.586 GC heap before
{Heap before GC invocations=82 (full 3):
 PSYoungGen      total 10752K, used 10560K [0x00000000d5580000, 0x00000000d6200000, 0x0000000100000000)
  eden space 10240K, 100% used [0x00000000d5580000,0x00000000d5f80000,0x00000000d5f80000)
  from space 512K, 62% used [0x00000000d6180000,0x00000000d61d0000,0x00000000d6200000)
  to   space 512K, 0% used [0x00000000d6080000,0x00000000d6080000,0x00000000d6100000)
 ParOldGen       total 121856K, used 121361K [0x0000000080000000, 0x0000000087700000, 0x00000000d5580000)
  object space 121856K, 99% used [0x0000000080000000,0x0000000087684618,0x0000000087700000)
 Metaspace       used 74591K, committed 76224K, reserved 1179648K
  class space    used 8367K, committed 9088K, reserved 1048576K
}
Event: 906.626 GC heap after
{Heap after GC invocations=82 (full 3):
 PSYoungGen      total 10752K, used 320K [0x00000000d5580000, 0x00000000d6200000, 0x0000000100000000)
  eden space 10240K, 0% used [0x00000000d5580000,0x00000000d5580000,0x00000000d5f80000)
  from space 512K, 62% used [0x00000000d6080000,0x00000000d60d0000,0x00000000d6100000)
  to   space 512K, 0% used [0x00000000d6180000,0x00000000d6180000,0x00000000d6200000)
 ParOldGen       total 121856K, used 121481K [0x0000000080000000, 0x0000000087700000, 0x00000000d5580000)
  object space 121856K, 99% used [0x0000000080000000,0x00000000876a2618,0x0000000087700000)
 Metaspace       used 74591K, committed 76224K, reserved 1179648K
  class space    used 8367K, committed 9088K, reserved 1048576K
}
Event: 988.579 GC heap before
{Heap before GC invocations=83 (full 3):
 PSYoungGen      total 10752K, used 10560K [0x00000000d5580000, 0x00000000d6200000, 0x0000000100000000)
  eden space 10240K, 100% used [0x00000000d5580000,0x00000000d5f80000,0x00000000d5f80000)
  from space 512K, 62% used [0x00000000d6080000,0x00000000d60d0000,0x00000000d6100000)
  to   space 512K, 0% used [0x00000000d6180000,0x00000000d6180000,0x00000000d6200000)
 ParOldGen       total 121856K, used 121481K [0x0000000080000000, 0x0000000087700000, 0x00000000d5580000)
  object space 121856K, 99% used [0x0000000080000000,0x00000000876a2618,0x0000000087700000)
 Metaspace       used 74622K, committed 76224K, reserved 1179648K
  class space    used 8367K, committed 9088K, reserved 1048576K
}
Event: 988.610 GC heap after
{Heap after GC invocations=83 (full 3):
 PSYoungGen      total 10752K, used 320K [0x00000000d5580000, 0x00000000d6200000, 0x0000000100000000)
  eden space 10240K, 0% used [0x00000000d5580000,0x00000000d5580000,0x00000000d5f80000)
  from space 512K, 62% used [0x00000000d6180000,0x00000000d61d0000,0x00000000d6200000)
  to   space 512K, 0% used [0x00000000d6080000,0x00000000d6080000,0x00000000d6100000)
 ParOldGen       total 121856K, used 121553K [0x0000000080000000, 0x0000000087700000, 0x00000000d5580000)
  object space 121856K, 99% used [0x0000000080000000,0x00000000876b4618,0x0000000087700000)
 Metaspace       used 74622K, committed 76224K, reserved 1179648K
  class space    used 8367K, committed 9088K, reserved 1048576K
}
Event: 1017.684 GC heap before
{Heap before GC invocations=84 (full 3):
 PSYoungGen      total 10752K, used 10560K [0x00000000d5580000, 0x00000000d6200000, 0x0000000100000000)
  eden space 10240K, 100% used [0x00000000d5580000,0x00000000d5f80000,0x00000000d5f80000)
  from space 512K, 62% used [0x00000000d6180000,0x00000000d61d0000,0x00000000d6200000)
  to   space 512K, 0% used [0x00000000d6080000,0x00000000d6080000,0x00000000d6100000)
 ParOldGen       total 121856K, used 121553K [0x0000000080000000, 0x0000000087700000, 0x00000000d5580000)
  object space 121856K, 99% used [0x0000000080000000,0x00000000876b4618,0x0000000087700000)
 Metaspace       used 74684K, committed 76352K, reserved 1179648K
  class space    used 8368K, committed 9152K, reserved 1048576K
}
Event: 1017.737 GC heap after
{Heap after GC invocations=84 (full 3):
 PSYoungGen      total 10752K, used 288K [0x00000000d5580000, 0x00000000d6200000, 0x0000000100000000)
  eden space 10240K, 0% used [0x00000000d5580000,0x00000000d5580000,0x00000000d5f80000)
  from space 512K, 56% used [0x00000000d6080000,0x00000000d60c8000,0x00000000d6100000)
  to   space 512K, 0% used [0x00000000d6180000,0x00000000d6180000,0x00000000d6200000)
 ParOldGen       total 121856K, used 121609K [0x0000000080000000, 0x0000000087700000, 0x00000000d5580000)
  object space 121856K, 99% used [0x0000000080000000,0x00000000876c2618,0x0000000087700000)
 Metaspace       used 74684K, committed 76352K, reserved 1179648K
  class space    used 8368K, committed 9152K, reserved 1048576K
}
Event: 1312.485 GC heap before
{Heap before GC invocations=85 (full 3):
 PSYoungGen      total 10752K, used 10528K [0x00000000d5580000, 0x00000000d6200000, 0x0000000100000000)
  eden space 10240K, 100% used [0x00000000d5580000,0x00000000d5f80000,0x00000000d5f80000)
  from space 512K, 56% used [0x00000000d6080000,0x00000000d60c8000,0x00000000d6100000)
  to   space 512K, 0% used [0x00000000d6180000,0x00000000d6180000,0x00000000d6200000)
 ParOldGen       total 121856K, used 121609K [0x0000000080000000, 0x0000000087700000, 0x00000000d5580000)
  object space 121856K, 99% used [0x0000000080000000,0x00000000876c2618,0x0000000087700000)
 Metaspace       used 74726K, committed 76416K, reserved 1179648K
  class space    used 8368K, committed 9152K, reserved 1048576K
}
Event: 1312.549 GC heap after
{Heap after GC invocations=85 (full 3):
 PSYoungGen      total 10752K, used 288K [0x00000000d5580000, 0x00000000d6200000, 0x0000000100000000)
  eden space 10240K, 0% used [0x00000000d5580000,0x00000000d5580000,0x00000000d5f80000)
  from space 512K, 56% used [0x00000000d6180000,0x00000000d61c8000,0x00000000d6200000)
  to   space 512K, 0% used [0x00000000d6080000,0x00000000d6080000,0x00000000d6100000)
 ParOldGen       total 121856K, used 121689K [0x0000000080000000, 0x0000000087700000, 0x00000000d5580000)
  object space 121856K, 99% used [0x0000000080000000,0x00000000876d6618,0x0000000087700000)
 Metaspace       used 74726K, committed 76416K, reserved 1179648K
  class space    used 8368K, committed 9152K, reserved 1048576K
}

